0 info it worked if it ends with ok
1 verbose cli [ 'node', '/usr/local/bin/npm', 'install', 'socket.io' ]
2 info using npm@1.4.28
3 info using node@v0.10.33
4 verbose cache add [ 'socket.io', null ]
5 verbose cache add name=undefined spec="socket.io" args=["socket.io",null]
6 verbose parsed url { protocol: null,
6 verbose parsed url   slashes: null,
6 verbose parsed url   auth: null,
6 verbose parsed url   host: null,
6 verbose parsed url   port: null,
6 verbose parsed url   hostname: null,
6 verbose parsed url   hash: null,
6 verbose parsed url   search: null,
6 verbose parsed url   query: null,
6 verbose parsed url   pathname: 'socket.io',
6 verbose parsed url   path: 'socket.io',
6 verbose parsed url   href: 'socket.io' }
7 silly lockFile 71475bfd-socket-io socket.io
8 verbose lock socket.io /Users/batteurMDR/.npm/71475bfd-socket-io.lock
9 silly lockFile 71475bfd-socket-io socket.io
10 silly lockFile 71475bfd-socket-io socket.io
11 verbose addNamed [ 'socket.io', '' ]
12 verbose addNamed [ null, '*' ]
13 silly lockFile c03de861-socket-io socket.io@
14 verbose lock socket.io@ /Users/batteurMDR/.npm/c03de861-socket-io.lock
15 silly addNameRange { name: 'socket.io', range: '*', hasData: false }
16 verbose request where is /socket.io
17 verbose request registry https://registry.npmjs.org/
18 verbose request id 1453110d9846a224
19 verbose url raw /socket.io
20 verbose url resolving [ 'https://registry.npmjs.org/', './socket.io' ]
21 verbose url resolved https://registry.npmjs.org/socket.io
22 verbose request where is https://registry.npmjs.org/socket.io
23 info trying registry request attempt 1 at 10:55:10
24 verbose etag "AKYF38MRHB3FQPM5YZS67N5JO"
25 http GET https://registry.npmjs.org/socket.io
26 http 200 https://registry.npmjs.org/socket.io
27 silly registry.get cb [ 200,
27 silly registry.get   { date: 'Tue, 27 Jan 2015 09:55:09 GMT',
27 silly registry.get     server: 'CouchDB/1.5.0 (Erlang OTP/R16B03)',
27 silly registry.get     etag: '"AQDQYKF0SSOE9QP3G9SDERKO3"',
27 silly registry.get     'content-type': 'application/json',
27 silly registry.get     'cache-control': 'max-age=60',
27 silly registry.get     'content-length': '107573',
27 silly registry.get     'accept-ranges': 'bytes',
27 silly registry.get     via: '1.1 varnish',
27 silly registry.get     age: '20',
27 silly registry.get     'x-served-by': 'cache-fra1234-FRA',
27 silly registry.get     'x-cache': 'HIT',
27 silly registry.get     'x-cache-hits': '2',
27 silly registry.get     'x-timer': 'S1422352509.588308,VS0,VE0',
27 silly registry.get     vary: 'Accept',
27 silly registry.get     'keep-alive': 'timeout=10, max=50',
27 silly registry.get     connection: 'Keep-Alive' } ]
28 silly addNameRange number 2 { name: 'socket.io', range: '*', hasData: true }
29 silly addNameRange versions [ 'socket.io',
29 silly addNameRange   [ '0.3.8',
29 silly addNameRange     '0.4.0',
29 silly addNameRange     '0.4.1',
29 silly addNameRange     '0.5.1',
29 silly addNameRange     '0.5.3',
29 silly addNameRange     '0.6.0',
29 silly addNameRange     '0.6.1',
29 silly addNameRange     '0.6.3',
29 silly addNameRange     '0.6.4',
29 silly addNameRange     '0.6.5',
29 silly addNameRange     '0.6.6',
29 silly addNameRange     '0.6.7',
29 silly addNameRange     '0.6.8',
29 silly addNameRange     '0.6.9',
29 silly addNameRange     '0.6.10',
29 silly addNameRange     '0.6.11',
29 silly addNameRange     '0.6.12',
29 silly addNameRange     '0.6.14',
29 silly addNameRange     '0.6.15',
29 silly addNameRange     '0.6.16',
29 silly addNameRange     '0.6.17',
29 silly addNameRange     '0.6.18',
29 silly addNameRange     '0.7.0',
29 silly addNameRange     '0.7.1',
29 silly addNameRange     '0.7.2',
29 silly addNameRange     '0.7.3',
29 silly addNameRange     '0.7.4',
29 silly addNameRange     '0.7.5',
29 silly addNameRange     '0.7.6',
29 silly addNameRange     '0.7.7',
29 silly addNameRange     '0.7.8',
29 silly addNameRange     '0.7.9',
29 silly addNameRange     '0.7.10',
29 silly addNameRange     '0.7.11',
29 silly addNameRange     '0.8.0',
29 silly addNameRange     '0.8.1',
29 silly addNameRange     '0.8.2',
29 silly addNameRange     '0.8.3',
29 silly addNameRange     '0.8.4',
29 silly addNameRange     '0.8.5',
29 silly addNameRange     '0.8.6',
29 silly addNameRange     '0.8.7',
29 silly addNameRange     '0.9.0',
29 silly addNameRange     '0.9.1',
29 silly addNameRange     '0.9.1-1',
29 silly addNameRange     '0.9.2',
29 silly addNameRange     '0.9.3',
29 silly addNameRange     '0.9.4',
29 silly addNameRange     '0.9.5',
29 silly addNameRange     '0.9.6',
29 silly addNameRange     '0.9.7',
29 silly addNameRange     '0.9.8',
29 silly addNameRange     '0.9.9',
29 silly addNameRange     '0.9.10',
29 silly addNameRange     '0.9.11',
29 silly addNameRange     '0.9.12',
29 silly addNameRange     '0.9.13',
29 silly addNameRange     '0.9.14',
29 silly addNameRange     '0.9.15',
29 silly addNameRange     '0.9.16',
29 silly addNameRange     '1.0.0-pre',
29 silly addNameRange     '1.0.0-pre2',
29 silly addNameRange     '1.0.0-pre3',
29 silly addNameRange     '1.0.0-pre4',
29 silly addNameRange     '1.0.0-pre5',
29 silly addNameRange     '0.9.17',
29 silly addNameRange     '1.0.0',
29 silly addNameRange     '1.0.1',
29 silly addNameRange     '1.0.2',
29 silly addNameRange     '1.0.3',
29 silly addNameRange     '1.0.4',
29 silly addNameRange     '1.0.5',
29 silly addNameRange     '1.0.6',
29 silly addNameRange     '1.1.0',
29 silly addNameRange     '1.2.0',
29 silly addNameRange     '1.2.1',
29 silly addNameRange     '1.3.0',
29 silly addNameRange     '1.3.1',
29 silly addNameRange     '1.3.2' ] ]
30 verbose addNamed [ 'socket.io', '1.3.2' ]
31 verbose addNamed [ '1.3.2', '1.3.2' ]
32 silly lockFile b15c0080-socket-io-1-3-2 socket.io@1.3.2
33 verbose lock socket.io@1.3.2 /Users/batteurMDR/.npm/b15c0080-socket-io-1-3-2.lock
34 silly lockFile b3aebed7-rg-socket-io-socket-io-1-3-2-tgz https://registry.npmjs.org/socket.io/-/socket.io-1.3.2.tgz
35 verbose lock https://registry.npmjs.org/socket.io/-/socket.io-1.3.2.tgz /Users/batteurMDR/.npm/b3aebed7-rg-socket-io-socket-io-1-3-2-tgz.lock
36 verbose addRemoteTarball [ 'https://registry.npmjs.org/socket.io/-/socket.io-1.3.2.tgz',
36 verbose addRemoteTarball   'b8c1ffc63b3341d9609ee55e06560a6ca1f185e5' ]
37 info retry fetch attempt 1 at 10:55:12
38 verbose fetch to= /var/folders/hp/8pp5jwbs2sn9bzvkq63hjx700000gn/T/npm-1837-OdNdEjY1/registry.npmjs.org/socket.io/-/socket.io-1.3.2.tgz
39 http GET https://registry.npmjs.org/socket.io/-/socket.io-1.3.2.tgz
40 http 200 https://registry.npmjs.org/socket.io/-/socket.io-1.3.2.tgz
41 silly lockFile b3aebed7-rg-socket-io-socket-io-1-3-2-tgz https://registry.npmjs.org/socket.io/-/socket.io-1.3.2.tgz
42 silly lockFile b3aebed7-rg-socket-io-socket-io-1-3-2-tgz https://registry.npmjs.org/socket.io/-/socket.io-1.3.2.tgz
43 silly lockFile b15c0080-socket-io-1-3-2 socket.io@1.3.2
44 silly lockFile b15c0080-socket-io-1-3-2 socket.io@1.3.2
45 silly lockFile c03de861-socket-io socket.io@
46 silly lockFile c03de861-socket-io socket.io@
47 error Error: EACCES, mkdir '/Users/batteurMDR/.npm/socket.io/1.3.2'
47 error  { [Error: EACCES, mkdir '/Users/batteurMDR/.npm/socket.io/1.3.2']
47 error   errno: 3,
47 error   code: 'EACCES',
47 error   path: '/Users/batteurMDR/.npm/socket.io/1.3.2' }
48 error Please try running this command again as root/Administrator.
49 error System Darwin 14.0.0
50 error command "node" "/usr/local/bin/npm" "install" "socket.io"
51 error cwd /Users/batteurMDR/Sites/rnk/server
52 error node -v v0.10.33
53 error npm -v 1.4.28
54 error path /Users/batteurMDR/.npm/socket.io/1.3.2
55 error code EACCES
56 error errno 3
57 error stack Error: EACCES, mkdir '/Users/batteurMDR/.npm/socket.io/1.3.2'
58 verbose exit [ 3, true ]
